[    0.000000] Initializing cgroup subsys cpuset
[    0.000000] Initializing cgroup subsys cpu
[    0.000000] Initializing cgroup subsys cpuacct
[    0.000000] Linux version 4.4.0-130-generic (buildd@lgw01-amd64-039) (gcc version 5.4.0 20160609 (Ubuntu 5.4.0-6ubuntu1~16.04.9) ) #156-Ubuntu SMP Thu Jun 14 08:53:28 UTC 2018 (Ubuntu 4.4.0-130.156-generic 4.4.134)
[    0.000000] Command line: BOOT_IMAGE=/boot/vmlinuz-4.4.0-130-generic root=UUID=4a67ec61-9cd5-4a26-b00f-9391a34c8a29 ro console=tty1 console=ttyS0
[    0.000000] KERNEL supported cpus:
[    0.000000]   Intel GenuineIntel
[    0.000000]   AMD AuthenticAMD
[    0.000000]   Centaur CentaurHauls
[    0.000000] x86/fpu: xstate_offset[2]:  576, xstate_sizes[2]:  256
[    0.000000] x86/fpu: Supporting XSAVE feature 0x01: 'x87 floating point registers'
[    0.000000] x86/fpu: Supporting XSAVE feature 0x02: 'SSE registers'
[    0.000000] x86/fpu: Supporting XSAVE feature 0x04: 'AVX registers'
[    0.000000] x86/fpu: Enabled xstate features 0x7, context size is 832 bytes, using 'standard' format.
[    0.000000] x86/fpu: Using 'eager' FPU context switches.
[    0.000000] e820: BIOS-provided physical RAM map:
[    0.000000] BIOS-e820: [mem 0x0000000000000000-0x000000000009fbff] usable
[    0.000000] BIOS-e820: [mem 0x000000000009fc00-0x000000000009ffff] reserved
[    0.000000] BIOS-e820: [mem 0x00000000000f0000-0x00000000000fffff] reserved
[    0.000000] BIOS-e820: [mem 0x0000000000100000-0x000000003ffeffff] usable
[    0.000000] BIOS-e820: [mem 0x000000003fff0000-0x000000003fffffff] ACPI data
[    0.000000] BIOS-e820: [mem 0x00000000fec00000-0x00000000fec00fff] reserved
[    0.000000] BIOS-e820: [mem 0x00000000fee00000-0x00000000fee00fff] reserved
[    0.000000] BIOS-e820: [mem 0x00000000fffc0000-0x00000000ffffffff] reserved
[    0.000000] NX (Execute Disable) protection: active
[    0.000000] SMBIOS 2.5 present.
[    0.000000] Hypervisor detected: KVM
[    0.000000] e820: last_pfn = 0x3fff0 max_arch_pfn = 0x400000000
[    0.000000] MTRR: Disabled
[    0.000000] x86/PAT: MTRRs disabled, skipping PAT initialization too.
[    0.000000] CPU MTRRs all blank - virtualized system.
[    0.000000] x86/PAT: Configuration [0-7]: WB  WT  UC- UC  WB  WT  UC- UC  
[    0.000000] found SMP MP-table at [mem 0x0009fff0-0x0009ffff] mapped at [ffff88000009fff0]
[    0.000000] Scanning 1 areas for low memory corruption
[    0.000000] RAMDISK: [mem 0x361ee000-0x370eefff]
[    0.000000] ACPI: Early table checksum verification disabled
[    0.000000] ACPI: RSDP 0x00000000000E0000 000024 (v02 VBOX  )
[    0.000000] ACPI: XSDT 0x000000003FFF0030 00003C (v01 VBOX   VBOXXSDT 00000001 ASL  00000061)
[    0.000000] ACPI: FACP 0x000000003FFF00F0 0000F4 (v04 VBOX   VBOXFACP 00000001 ASL  00000061)
[    0.000000] ACPI: DSDT 0x000000003FFF0470 0021FF (v02 VBOX   VBOXBIOS 00000002 INTL 20100528)
[    0.000000] ACPI: FACS 0x000000003FFF0200 000040
[    0.000000] ACPI: FACS 0x000000003FFF0200 000040
[    0.000000] ACPI: APIC 0x000000003FFF0240 00005C (v02 VBOX   VBOXAPIC 00000001 ASL  00000061)
[    0.000000] ACPI: SSDT 0x000000003FFF02A0 0001CC (v01 VBOX   VBOXCPUT 00000002 INTL 20100528)
[    0.000000] No NUMA configuration found
[    0.000000] Faking a node at [mem 0x0000000000000000-0x000000003ffeffff]
[    0.000000] NODE_DATA(0) allocated [mem 0x3ffeb000-0x3ffeffff]
[    0.000000] kvm-clock: Using msrs 4b564d01 and 4b564d00
[    0.000000] kvm-clock: cpu 0, msr 0:3ffe3001, primary cpu clock
[    0.000000] kvm-clock: using sched offset of 5067068250 cycles
[    0.000000] clocksource: kvm-clock: mask: 0xffffffffffffffff max_cycles: 0x1cd42e4dffb, max_idle_ns: 881590591483 ns
[    0.000000] Zone ranges:
[    0.000000]   DMA      [mem 0x0000000000001000-0x0000000000ffffff]
[    0.000000]   DMA32    [mem 0x0000000001000000-0x000000003ffeffff]
[    0.000000]   Normal   empty
[    0.000000]   Device   empty
[    0.000000] Movable zone start for each node
[    0.000000] Early memory node ranges
[    0.000000]   node   0: [mem 0x0000000000001000-0x000000000009efff]
[    0.000000]   node   0: [mem 0x0000000000100000-0x000000003ffeffff]
[    0.000000] Initmem setup node 0 [mem 0x0000000000001000-0x000000003ffeffff]
[    0.000000] ACPI: PM-Timer IO Port: 0x4008
[    0.000000] IOAPIC[0]: apic_id 2, version 32, address 0xfec00000, GSI 0-23
[    0.000000] ACPI: INT_SRC_OVR (bus 0 bus_irq 0 global_irq 2 dfl dfl)
[    0.000000] ACPI: INT_SRC_OVR (bus 0 bus_irq 9 global_irq 9 high level)
[    0.000000] Using ACPI (MADT) for SMP configuration information
[    0.000000] smpboot: Allowing 2 CPUs, 0 hotplug CPUs
[    0.000000] PM: Registered nosave memory: [mem 0x00000000-0x00000fff]
[    0.000000] PM: Registered nosave memory: [mem 0x0009f000-0x0009ffff]
[    0.000000] PM: Registered nosave memory: [mem 0x000a0000-0x000effff]
[    0.000000] PM: Registered nosave memory: [mem 0x000f0000-0x000fffff]
[    0.000000] e820: [mem 0x40000000-0xfebfffff] available for PCI devices
[    0.000000] Booting paravirtualized kernel on KVM
[    0.000000] clocksource: refined-jiffies: mask: 0xffffffff max_cycles: 0xffffffff, max_idle_ns: 7645519600211568 ns
[    0.000000] setup_percpu: NR_CPUS:512 nr_cpumask_bits:512 nr_cpu_ids:2 nr_node_ids:1
[    0.000000] PERCPU: Embedded 34 pages/cpu @ffff88003fc00000 s99544 r8192 d31528 u1048576
[    0.000000] PV qspinlock hash table entries: 256 (order: 0, 4096 bytes)
[    0.000000] Built 1 zonelists in Node order, mobility grouping on.  Total pages: 257912
[    0.000000] Policy zone: DMA32
[    0.000000] Kernel command line: BOOT_IMAGE=/boot/vmlinuz-4.4.0-130-generic root=UUID=4a67ec61-9cd5-4a26-b00f-9391a34c8a29 ro console=tty1 console=ttyS0
[    0.000000] PID hash table entries: 4096 (order: 3, 32768 bytes)
[    0.000000] Memory: 997152K/1048120K available (8546K kernel code, 1313K rwdata, 4000K rodata, 1516K init, 1316K bss, 50968K reserved, 0K cma-reserved)
[    0.000000] SLUB: HWalign=64, Order=0-3, MinObjects=0, CPUs=2, Nodes=1
[    0.000000] Kernel/User page tables isolation: enabled
[    0.000000] Hierarchical RCU implementation.
[    0.000000] 	Build-time adjustment of leaf fanout to 64.
[    0.000000] 	RCU restricting CPUs from NR_CPUS=512 to nr_cpu_ids=2.
[    0.000000] RCU: Adjusting geometry for rcu_fanout_leaf=64, nr_cpu_ids=2
[    0.000000] NR_IRQS:33024 nr_irqs:440 16
[    0.000000] Console: colour VGA+ 80x25
[    0.000000] console [tty1] enabled
[    0.000000] console [ttyS0] enabled
[    0.000000] tsc: Detected 1995.382 MHz processor
[    6.687939] Calibrating delay loop (skipped) preset value.. 3990.76 BogoMIPS (lpj=7981528)
[    6.690255] pid_max: default: 32768 minimum: 301
[    6.691550] ACPI: Core revision 20150930
[    6.693981] ACPI: 2 ACPI AML tables successfully acquired and loaded
[    6.695815] Security Framework initialized
[    6.696976] Yama: becoming mindful.
[    6.698034] AppArmor: AppArmor initialized
[    6.699341] Dentry cache hash table entries: 131072 (order: 8, 1048576 bytes)
[    6.706784] Inode-cache hash table entries: 65536 (order: 7, 524288 bytes)
[    6.799753] Mount-cache hash table entries: 2048 (order: 2, 16384 bytes)
[    6.809076] Mountpoint-cache hash table entries: 2048 (order: 2, 16384 bytes)
[    6.811019] Initializing cgroup subsys io
[    6.812194] Initializing cgroup subsys memory
[    6.813399] Initializing cgroup subsys devices
[    6.814627] Initializing cgroup subsys freezer
[    6.815872] Initializing cgroup subsys net_cls
[    6.817109] Initializing cgroup subsys perf_event
[    6.818396] Initializing cgroup subsys net_prio
[    6.819658] Initializing cgroup subsys hugetlb
[    6.820877] Initializing cgroup subsys pids
[    6.822114] CPU: Physical Processor ID: 0
[    6.823251] CPU: Processor Core ID: 0
[    6.825545] mce: CPU supports 0 MCE banks
[    6.826698] Last level iTLB entries: 4KB 64, 2MB 8, 4MB 8
[    6.828168] Last level dTLB entries: 4KB 64, 2MB 0, 4MB 0, 1GB 4
[    6.839343] Spectre V2 : Mitigation: Full generic retpoline
[    6.867893] Spectre V2 : Speculation control IBPB not-supported IBRS not-supported
[    6.972283] Speculative Store Bypass: Vulnerable
[    7.039284] Freeing SMP alternatives memory: 32K
[    7.107874] ftrace: allocating 32245 entries in 126 pages
[    7.212222] smpboot: APIC(0) Converting physical 0 to logical package 0
[    7.319979] smpboot: Max logical packages: 1
[    7.387636] x2apic enabled
[    7.436314] Switched APIC routing to physical x2apic.
[    7.517763] ..TIMER: vector=0x30 apic1=0 pin1=2 apic2=-1 pin2=-1
[    7.703110] smpboot: CPU0: Intel(R) Core(TM) i3-5005U CPU @ 2.00GHz (family: 0x6, model: 0x3d, stepping: 0x4)
[    7.808796] Performance Events: unsupported p6 CPU model 61 no PMU driver, software events only.
[    7.824880] KVM setup paravirtual spinlock
[    7.866019] x86: Booting SMP configuration:
[    7.920295] .... node  #0, CPUs:      #1
[    7.929025] kvm-clock: cpu 1, msr 0:3ffe3041, secondary cpu clock
[    7.931689] mce: CPU supports 0 MCE banks
[    7.934634] x86: Booted up 1 node, 2 CPUs
[    7.936091] smpboot: Total of 2 processors activated (7981.52 BogoMIPS)
[    7.938296] devtmpfs: initialized
[    7.951494] evm: security.selinux
[    7.952547] evm: security.SMACK64
[    7.953561] evm: security.SMACK64EXEC
[    7.954637] evm: security.SMACK64TRANSMUTE
[    7.955835] evm: security.SMACK64MMAP
[    7.956935] evm: security.ima
[    7.957870] evm: security.capability
[    7.959253] clocksource: jiffies: mask: 0xffffffff max_cycles: 0xffffffff, max_idle_ns: 7645041785100000 ns
[    7.963809] futex hash table entries: 512 (order: 3, 32768 bytes)
[    8.029954] pinctrl core: initialized pinctrl subsystem
[    8.081623] RTC time:  6:04:25, date: 07/13/18
[    8.124661] NET: Registered protocol family 16
[    8.172752] cpuidle: using governor ladder
[    8.208838] cpuidle: using governor menu
[    8.227876] PCCT header not found.
[    8.267951] ACPI: bus type PCI registered
[    8.315756] acpiphp: ACPI Hot Plug PCI Controller Driver version: 0.5
[    8.394057] PCI: Using configuration type 1 for base access
[    8.473817] ACPI: Added _OSI(Module Device)
[    8.478220] ACPI: Added _OSI(Processor Device)
[    8.479486] ACPI: Added _OSI(3.0 _SCP Extensions)
[    8.480797] ACPI: Added _OSI(Processor Aggregator Device)
[    8.483286] ACPI: Executed 1 blocks of module-level executable AML code
[    8.488077] ACPI: Interpreter enabled
[    8.507705] ACPI: (supports S0 S5)
[    8.549621] ACPI: Using IOAPIC for interrupt routing
[    8.614376] PCI: Using host bridge windows from ACPI; if necessary, use "pci=nocrs" and report a bug
[    8.694667] ACPI: PCI Root Bridge [PCI0] (domain 0000 [bus 00-ff])
[    8.714549] acpi PNP0A03:00: _OSC: OS supports [ASPM ClockPM Segments MSI]
[    8.716338] acpi PNP0A03:00: _OSC: not requesting OS control; OS requires [ExtendedConfig ASPM ClockPM MSI]
[    8.719098] acpi PNP0A03:00: fail to add MMCONFIG information, can't access extended PCI configuration space under this bridge.
[    8.842765] PCI host bridge to bus 0000:00
[    8.843956] pci_bus 0000:00: root bus resource [io  0x0000-0x0cf7 window]
[    8.845630] pci_bus 0000:00: root bus resource [io  0x0d00-0xffff window]
[    8.847352] pci_bus 0000:00: root bus resource [mem 0x000a0000-0x000bffff window]
[    8.849448] pci_bus 0000:00: root bus resource [mem 0x40000000-0xffdfffff window]
[    8.851581] pci_bus 0000:00: root bus resource [bus 00-ff]
[    8.855516] pci 0000:00:01.1: legacy IDE quirk: reg 0x10: [io  0x01f0-0x01f7]
[    8.857264] pci 0000:00:01.1: legacy IDE quirk: reg 0x14: [io  0x03f6]
[    8.858915] pci 0000:00:01.1: legacy IDE quirk: reg 0x18: [io  0x0170-0x0177]
[    8.875686] pci 0000:00:01.1: legacy IDE quirk: reg 0x1c: [io  0x0376]
[    8.959425] pci 0000:00:07.0: quirk: [io  0x4000-0x403f] claimed by PIIX4 ACPI
[    9.000871] pci 0000:00:07.0: quirk: [io  0x4100-0x410f] claimed by PIIX4 SMB
[    9.013123] ACPI: PCI Interrupt Link [LNKA] (IRQs 5 9 10 *11)
[    9.035159] ACPI: PCI Interrupt Link [LNKB] (IRQs 5 9 10 *11)
[    9.037343] ACPI: PCI Interrupt Link [LNKC] (IRQs 5 9 *10 11)
[    9.039551] ACPI: PCI Interrupt Link [LNKD] (IRQs 5 *9 10 11)
[    9.041770] ACPI: Enabled 2 GPEs in block 00 to 07
[    9.043703] vgaarb: setting as boot device: PCI:0000:00:02.0
[    9.047777] vgaarb: device added: PCI:0000:00:02.0,decodes=io+mem,owns=io+mem,locks=none
[    9.050028] vgaarb: loaded
[    9.050911] vgaarb: bridge control possible 0000:00:02.0
[    9.123249] SCSI subsystem initialized
[    9.158174] ACPI: bus type USB registered
[    9.205807] usbcore: registered new interface driver usbfs
[    9.248151] usbcore: registered new interface driver hub
[    9.276913] usbcore: registered new device driver usb
[    9.298259] PCI: Using ACPI for IRQ routing
[    9.301967] NetLabel: Initializing
[    9.322221] NetLabel:  domain hash size = 128
[    9.325086] NetLabel:  protocols = UNLABELED CIPSOv4
[    9.329259] NetLabel:  unlabeled traffic allowed by default
[    9.331313] amd_nb: Cannot enumerate AMD northbridges
[    9.349770] clocksource: Switched to clocksource kvm-clock
[    9.412885] AppArmor: AppArmor Filesystem Enabled
[    9.532050] pnp: PnP ACPI init
[    9.597483] pnp: PnP ACPI: found 3 devices
[    9.716984] clocksource: acpi_pm: mask: 0xffffff max_cycles: 0xffffff, max_idle_ns: 2085701024 ns
[    9.952255] NET: Registered protocol family 2
[   10.069087] TCP established hash table entries: 8192 (order: 4, 65536 bytes)
[   10.256443] TCP bind hash table entries: 8192 (order: 5, 131072 bytes)
[   10.359454] TCP: Hash tables configured (established 8192 bind 8192)
[   10.391288] UDP hash table entries: 512 (order: 2, 16384 bytes)
[   10.415473] UDP-Lite hash table entries: 512 (order: 2, 16384 bytes)
[   10.533748] NET: Registered protocol family 1
[   10.628384] pci 0000:00:00.0: Limiting direct PCI/PCI transfers
[   10.787543] pci 0000:00:01.0: Activating ISA DMA hang workarounds
[   10.869502] Unpacking initramfs...
[   11.326042] Freeing initrd memory: 15364K
[   11.376457] RAPL PMU detected, API unit is 2^-32 Joules, 4 fixed counters 10737418240 ms ovfl timer
[   11.477964] hw unit of domain pp0-core 2^-0 Joules
[   11.484468] hw unit of domain package 2^-0 Joules
[   11.486864] hw unit of domain dram 2^-0 Joules
[   11.490474] hw unit of domain pp1-gpu 2^-0 Joules
[   11.495588] platform rtc_cmos: registered platform RTC device (no PNP device found)
[   11.521372] Scanning for low memory corruption every 60 seconds
[   11.532192] audit: initializing netlink subsys (disabled)
[   11.546494] audit: type=2000 audit(1531461865.965:1): initialized
[   11.595640] Initialise system trusted keyring
[   11.658639] HugeTLB registered 2 MB page size, pre-allocated 0 pages
[   11.744512] zbud: loaded
[   11.782910] VFS: Disk quotas dquot_6.6.0
[   11.855603] VFS: Dquot-cache hash table entries: 512 (order 0, 4096 bytes)
[   11.863618] squashfs: version 4.0 (2009/01/31) Phillip Lougher
[   11.885262] fuse init (API version 7.23)
[   11.888477] Key type big_key registered
[   11.889631] Allocating IMA MOK and blacklist keyrings.
[   11.893343] Key type asymmetric registered
[   11.897964] Asymmetric key parser 'x509' registered
[   11.899345] Block layer SCSI generic (bsg) driver version 0.4 loaded (major 249)
[   11.902881] io scheduler noop registered
[   11.907394] io scheduler deadline registered (default)
[   11.914360] io scheduler cfq registered
[   11.942694] pci_hotplug: PCI Hot Plug PCI Core version: 0.5
[   12.061671] pciehp: PCI Express Hot Plug Controller Driver version: 0.4
[   12.102059] ACPI: AC Adapter [AC] (on-line)
[   12.196560] input: Power Button as /devices/LNXSYSTM:00/LNXPWRBN:00/input/input0
[   12.340246] ACPI: Power Button [PWRF]
[   12.392668] input: Sleep Button as /devices/LNXSYSTM:00/LNXSLPBN:00/input/input1
[   12.494510] tsc: Refined TSC clocksource calibration: 1995.324 MHz
[   12.494513] clocksource: tsc: mask: 0xffffffffffffffff max_cycles: 0x3985da82312, max_idle_ns: 881590671706 ns
[   12.553979] ACPI: Sleep Button [SLPF]
[   12.558474] ACPI: Battery Slot [BAT0] (battery present)
[   12.563587] GHES: HEST is not enabled!
[   12.565136] Serial: 8250/16550 driver, 32 ports, IRQ sharing enabled
[   12.607306] 00:02: ttyS0 at I/O 0x3f8 (irq = 4, base_baud = 115200) is a 16550A
[   12.612840] Linux agpgart interface v0.103
[   12.625441] loop: module loaded
[   12.641041] scsi host0: ata_piix
[   12.647444] scsi host1: ata_piix
[   12.695304] ata1: PATA max UDMA/33 cmd 0x1f0 ctl 0x3f6 bmdma 0xd000 irq 14
[   12.847606] ata2: PATA max UDMA/33 cmd 0x170 ctl 0x376 bmdma 0xd008 irq 15
[   12.883254] libphy: Fixed MDIO Bus: probed
[   12.884941] tun: Universal TUN/TAP device driver, 1.6
[   12.888494] tun: (C) 1999-2004 Max Krasnyansky <maxk@qualcomm.com>
[   12.890158] PPP generic driver version 2.4.2
[   12.891575] ehci_hcd: USB 2.0 'Enhanced' Host Controller (EHCI) Driver
[   12.893295] ehci-pci: EHCI PCI platform driver
[   12.896001] ehci-platform: EHCI generic platform driver
[   12.897420] ohci_hcd: USB 1.1 'Open' Host Controller (OHCI) Driver
[   12.899018] ohci-pci: OHCI PCI platform driver
[   12.900260] ohci-platform: OHCI generic platform driver
[   12.901687] uhci_hcd: USB Universal Host Controller Interface driver
[   12.903395] i8042: PNP: PS/2 Controller [PNP0303:PS2K,PNP0f03:PS2M] at 0x60,0x64 irq 1,12
[   13.040027] serio: i8042 KBD port at 0x60,0x64 irq 1
[   13.098846] serio: i8042 AUX port at 0x60,0x64 irq 12
[   13.100735] mousedev: PS/2 mouse device common for all mice
[   13.180179] rtc_cmos rtc_cmos: rtc core: registered rtc_cmos as rtc0
[   13.320305] rtc_cmos rtc_cmos: alarms up to one day, 114 bytes nvram
[   13.476479] i2c /dev entries driver
[   13.515373] input: AT Translated Set 2 keyboard as /devices/platform/i8042/serio0/input/input2
[   13.653097] device-mapper: uevent: version 1.0.3
[   13.655978] device-mapper: ioctl: 4.34.0-ioctl (2015-10-28) initialised: dm-devel@redhat.com
[   13.660999] ledtrig-cpu: registered to indicate activity on CPUs
[   13.664978] NET: Registered protocol family 10
[   13.676057] NET: Registered protocol family 17
[   13.726345] Key type dns_resolver registered
[   13.729242] registered taskstats version 1
[   13.740687] Loading compiled-in X.509 certificates
[   13.743230] Loaded X.509 cert 'Build time autogenerated kernel key: b3e0fe4bcd6378c38a2c0a4648abbc1fa5043a22'
[   13.746578] zswap: loaded using pool lzo/zbud
[   13.752419] Key type trusted registered
[   13.766058] Key type encrypted registered
[   13.779498] AppArmor: AppArmor sha1 policy hashing enabled
[   13.803184] ima: No TPM chip found, activating TPM-bypass!
[   13.804934] ima: Allocated hash algorithm: sha1
[   13.810526] evm: HMAC attrs: 0x1
[   13.812331]   Magic number: 10:130:64
[   13.823861] rtc_cmos rtc_cmos: setting system clock to 2018-07-13 06:04:30 UTC (1531461870)
[   13.827224] BIOS EDD facility v0.16 2004-Jun-25, 0 devices found
[   13.862257] EDD information not available.
[   13.877309] Freeing unused kernel memory: 1516K
[   13.907342] Write protecting the kernel read-only data: 14336k
[   13.921131] Freeing unused kernel memory: 1680K
[   13.955546] Freeing unused kernel memory: 96K
Loading, please wait...
starting version[   13.973336] random: systemd-udevd: uninitialized urandom read (16 bytes read, 5 bits of entropy available)
 229
[   13.974126] random: udevadm: uninitialized urandom read (16 bytes read, 5 bits of entropy available)
[   13.974267] random: udevadm: uninitialized urandom read (16 bytes read, 5 bits of entropy available)
[   13.987606] random: udevadm: uninitialized urandom read (16 bytes read, 5 bits of entropy available)
[   13.987667] random: udevadm: uninitialized urandom read (16 bytes read, 5 bits of entropy available)
[   13.987852] random: udevadm: uninitialized urandom read (16 bytes read, 5 bits of entropy available)
[   13.987924] random: udevadm: uninitialized urandom read (16 bytes read, 5 bits of entropy available)
[   13.987992] random: udevadm: uninitialized urandom read (16 bytes read, 5 bits of entropy available)
[   13.988060] random: udevadm: uninitialized urandom read (16 bytes read, 5 bits of entropy available)
[   13.988126] random: udevadm: uninitialized urandom read (16 bytes read, 5 bits of entropy available)
[   14.174543] Fusion MPT base driver 3.04.20
[   14.184910] Copyright (c) 1999-2008 LSI Corporation
[   14.186766] e1000: Intel(R) PRO/1000 Network Driver - version 7.3.21-k8-NAPI
[   14.220795] e1000: Copyright (c) 1999-2006 Intel Corporation.
[   14.236377] Fusion MPT SPI Host driver 3.04.20
[   14.280211] AVX version of gcm_enc/dec engaged.
[   14.287219] AES CTR mode by8 optimization enabled
[   14.440435] input: ImExPS/2 Generic Explorer Mouse as /devices/platform/i8042/serio1/input/input4
[   14.635122] e1000 0000:00:03.0 eth0: (PCI:33MHz:32-bit) 02:2d:a7:2d:c6:76
[   14.717452] e1000 0000:00:03.0 eth0: Intel(R) PRO/1000 Network Connection
[   14.766042] mptbase: ioc0: Initiating bringup
[   14.766589] e1000 0000:00:03.0 enp0s3: renamed from eth0
[   14.854388] ioc0: LSI53C1030 A0: Capabilities={Initiator}
[   15.056128] scsi host2: ioc0: LSI53C1030 A0, FwRev=00000000h, Ports=1, MaxQ=256, IRQ=20
[   15.346583] scsi 2:0:0:0: Direct-Access     VBOX     HARDDISK         1.0  PQ: 0 ANSI: 5
[   15.562505] scsi target2:0:0: Beginning Domain Validation
[   15.630715] scsi target2:0:0: Domain Validation skipping write tests
[   15.693246] scsi target2:0:0: Ending Domain Validation
[   15.736731] scsi target2:0:0: asynchronous
[   15.838115] scsi 2:0:1:0: Direct-Access     VBOX     HARDDISK         1.0  PQ: 0 ANSI: 5
[   15.877638] scsi target2:0:1: Beginning Domain Validation
[   15.905537] scsi target2:0:1: Domain Validation skipping write tests
[   15.924263] scsi target2:0:1: Ending Domain Validation
[   15.974945] scsi target2:0:1: asynchronous
[   16.045416] sd 2:0:0:0: [sda] 20971520 512-byte logical blocks: (10.7 GB/10.0 GiB)
[   16.045718] sd 2:0:0:0: Attached scsi generic sg0 type 0
[   16.046375] sd 2:0:1:0: Attached scsi generic sg1 type 0
[   16.046693] sd 2:0:1:0: [sdb] 20480 512-byte logical blocks: (10.5 MB/10.0 MiB)
[   16.046871] sd 2:0:1:0: [sdb] Write Protect is off
[   16.046991] sd 2:0:1:0: [sdb] Incomplete mode parameter data
[   16.046993] sd 2:0:1:0: [sdb] Assuming drive cache: write through
[   16.065437] sd 2:0:1:0: [sdb] Attached SCSI disk
[   16.207482] sd 2:0:0:0: [sda] Write Protect is off
[   16.212131] sd 2:0:0:0: [sda] Incomplete mode parameter data
[   16.216016] sd 2:0:0:0: [sda] Assuming drive cache: write through
[   16.240360]  sda: sda1
[   16.289379] sd 2:0:0:0: [sda] Attached SCSI disk
Begin: Loading essential drivers[   17.891767] md: linear personality registered for level -1
 ... [   17.907386] md: multipath personality registered for level -4
[   17.920927] md: raid0 personality registered for level 0
[   17.935908] md: raid1 personality registered for level 1
[   18.061842] raid6: sse2x1   gen()  6197 MB/s
[   18.134624] raid6: sse2x1   xor()  4633 MB/s
[   18.205856] raid6: sse2x2   gen()  6737 MB/s
[   18.274191] raid6: sse2x2   xor()  4991 MB/s
[   18.393814] raid6: sse2x4   gen()  8730 MB/s
[   18.493838] raid6: sse2x4   xor()  6113 MB/s
[   18.542321] raid6: using algorithm sse2x4 gen() 8730 MB/s
[   18.626265] raid6: .... xor() 6113 MB/s, rmw enabled
[   18.678378] raid6: using ssse3x2 recovery algorithm
[   18.712248] xor: automatically using best checksumming function:
[   18.818042]    avx       : 15299.000 MB/sec
[   18.859175] async_tx: api initialized (async)
[   18.885359] md: raid6 personality registered for level 6
[   18.962149] md: raid5 personality registered for level 5
[   18.998300] md: raid4 personality registered for level 4
[   19.007279] md: raid10 personality registered for level 10
done.
Begin: Running /scripts/init-premount ... done.
Begin: Mounting root file system ... Begi[   19.058456] Btrfs loaded
n: Running /scripts/local-top ... done.
Begin: Running /scripts/local-premount ... Scanning for Btrfs filesystems
done.
Warning: fsck no[   19.245175] EXT4-fs (sda1): INFO: recovery required on readonly filesystem
t present, so skipping root file system
[   19.287834] EXT4-fs (sda1): write access will be enabled during recovery
[   19.395361] EXT4-fs (sda1): recovery complete
[   19.507003] EXT4-fs (sda1): mounted filesystem with ordered data mode. Opts: (null)
done.
Begin: Running /scripts/local-bottom ... done.
Begin: Running /scripts/init-bottom ... done.
[   19.788448] random: nonblocking pool is initialized
[   20.568296] systemd[1]: systemd 229 running in system mode. (+PAM +AUDIT +SELINUX +IMA +APPARMOR +SMACK +SYSVINIT +UTMP +LIBCRYPTSETUP +GCRYPT +GNUTLS +ACL +XZ -LZ4 +SECCOMP +BLKID +ELFUTILS +KMOD -IDN)
[   20.776054] systemd[1]: Detected virtualization oracle.
[   20.792683] systemd[1]: Detected architecture x86-64.

Welcome to [1mUbuntu 16.04.4 LTS[0m!

[   20.931159] systemd[1]: Set hostname to <ubuntu-xenial>.
[   22.151033] systemd[1]: Listening on Syslog Socket.
[[0;32m  OK  [0m] Listening on Syslog Socket.
[   22.316261] systemd[1]: Listening on LVM2 metadata daemon socket.
[[0;32m  OK  [0m] Listening on LVM2 metadata daemon socket.
[   22.502918] systemd[1]: Listening on LVM2 poll daemon socket.
[[0;32m  OK  [0m] Listening on LVM2 poll daemon socket.
[   22.646340] systemd[1]: Set up automount Arbitrary Executable File Formats File System Automount Point.
[[0;32m  OK  [0m] Set up automount Arbitrary Executab...ats File System Automount Point.
[   22.710671] systemd[1]: Reached target System Time Synchronized.
[[0;32m  OK  [0m] Reached target System Time Synchronized.
[   22.745623] systemd[1]: Reached target Encrypted Volumes.
[[0;32m  OK  [0m] Reached target Encrypted Volumes.
[   22.814312] systemd[1]: Listening on Journal Socket.
[[0;32m  OK  [0m] Listening on Journal Socket.
[   22.866821] systemd[1]: Created slice User and Session Slice.
[[0;32m  OK  [0m] Created slice User and Session Slice.
[   22.979181] systemd[1]: Reached target Swap.
[[0;32m  OK  [0m] Reached target Swap.
[   23.074117] systemd[1]: Started Forward Password Requests to Wall Directory Watch.
[[0;32m  OK  [0m] Started Forward Password Requests to Wall Directory Watch.
[   23.236116] systemd[1]: Listening on Journal Audit Socket.
[[0;32m  OK  [0m] Listening on Journal Audit Socket.
[   23.362551] systemd[1]: Started Trigger resolvconf update for networkd DNS.
[[0;32m  OK  [0m] Started Trigger resolvconf update for networkd DNS.
[   23.546474] systemd[1]: Listening on /dev/initctl Compatibility Named Pipe.
[[0;32m  OK  [0m] Listening on /dev/initctl Compatibility Named Pipe.
[   23.718403] systemd[1]: Listening on Journal Socket (/dev/log).
[[0;32m  OK  [0m] Listening on Journal Socket (/dev/log).
[   23.755166] systemd[1]: Listening on Device-mapper event daemon FIFOs.
[[0;32m  OK  [0m] Listening on Device-mapper event daemon FIFOs.
[   23.824970] systemd[1]: Created slice System Slice.
[[0;32m  OK  [0m] Created slice System Slice.
[   23.842179] systemd[1]: Starting Set console keymap...
         Starting Set console keymap...
[   23.894681] systemd[1]: Starting Remount Root and Kernel File Systems...
         Starting Remount Root and Kernel File Systems...
[   23.974835] systemd[1]: Starting Load Kernel Modules...
         Starting Load Kernel Modules...
[   24.043280] EXT4-fs (sda1): re-mounted. Opts: (null)
[   24.138111] systemd[1]: Starting Create list of required static device nodes for the current kernel...
         Starting Create list of required st... nodes for the current kernel...[   24.244867] Loading iSCSI transport class v2.0-870.

[   24.430460] systemd[1]: Mounting Huge Pages File System...
         Mounting Huge Pages File System.[   24.456801] iscsi: registered transport (tcp)
..
[   24.461231] systemd[1]: Reached target Slices.
[[0;32m  OK  [0m] Reached target Slices.
[   24.478152] systemd[1]: Starting Monitoring of LVM2 mirrors, snapshots etc. using dmeventd or progress polling...
         Starting Monitoring of LVM2 mirrors... dmeventd or progress polling...
[   24.578606] systemd[1]: Starting Journal Service...
         Starting Journal Service...
[   24.631745] systemd[1]: Mounting POSIX Message Queue File System...
         Mounting POSIX Message Queue File System...
[   24.671959] systemd[1]: Created slice system-serial\x2dgetty.slice.
[[0;32m  OK  [[   24.684846] iscsi: registered transport (iser)
0m] Created slice system-serial\x2dgetty.slice.
[   24.789897] systemd[1]: Starting Nameserver information manager...
         Starting Nameserver information manager...
[   24.814349] systemd[1]: Reached target User and Group Name Lookups.
[[0;32m  OK  [0m] Reached target User and Group Name Lookups.
[   24.897968] systemd[1]: Mounting Debug File System...
         Mounting Debug File System...
[   24.934500] systemd[1]: Listening on udev Control Socket.
[[0;32m  OK  [0m] Listening on udev Control Socket.
[   24.954737] systemd[1]: Listening on udev Kernel Socket.
[[0;32m  OK  [0m] Listening on udev Kernel Socket.
[   25.006528] systemd[1]: Starting Uncomplicated firewall...
         Starting Uncomplicated firewall...
[   25.051561] systemd[1]: Mounted POSIX Message Queue File System.
[[0;32m  OK  [0m] Mounted POSIX Message Queue File System.
[   25.183092] systemd[1]: Mounted Huge Pages File System.
[[0;32m  OK  [0m] Mounted Huge Pages File System.
[   25.339020] systemd[1]: Mounted Debug File System.
[[0;32m  OK  [0m] Mounted Debug File System.
[   25.423318] systemd[1]: Started Journal Service.
[[0;32m  OK  [0m] Started Journal Service.
[[0;32m  OK  [0m] Started Set console keymap.
[[0;32m  OK  [0m] Started Remount Root and Kernel File Systems.
[[0;32m  OK  [0m] Started Load Kernel Modules.
[[0;32m  OK  [0m] Started Create list of required sta...ce nodes for the current kernel.
[[0;32m  OK  [0m] Started Uncomplicated firewall.
[[0;32m  OK  [0m] Started Nameserver information manager.
[[0;32m  OK  [0m] Started LVM2 metadata daemon.
         Starting Create Static Device Nodes in /dev...
         Mounting FUSE Control File System...
         Starting Apply Kernel Variables...
         Starting Load/Save Random Seed...
         Starting udev Coldplug all Devices...
         Starting Flush Journal to Persistent Storage...
[[0;32m  OK  [0m] Mounted FUSE Control File System.
[[0;32m  OK  [0m] Started Create Static Device Nodes in /dev.
[[0;32m  OK  [0m] Started Apply Kernel Variables.
[[0;32m  OK  [0m] Started Load/Save Random Seed.
[[0;32m  OK  [0m] Started udev Coldplug all Devices.
[[0;32m  OK  [0m] Started Monitoring of LVM2 mirrors,...ng dmeventd or progress polling.
[[0;32m  OK  [0m] Started Flush Journal to Persistent Storage.
         Starting udev Kernel Device Manager...
[[0;32m  OK  [0m] Started udev Kernel Device Manager.
[[0;32m  OK  [0m] Started Dispatch Password Requests to Console Directory Watch.
[[0;32m  OK  [0m] Reached target Local File Systems (Pre).
[[0;32m  OK  [0m] Reached target Local File Systems.
         Starting Set console font and keymap...
         Starting Tell Plymouth To Write Out Runtime Data...
         Starting Initial cloud-init job (pre-networking)...
         Starting LSB: AppArmor initialization...
         Starting Create Volatile Files and Directories...
[[0;32m  OK  [0m] Started Tell Plymouth To Write Out Runtime Data.
[[0;32m  OK  [0m] Started Create Volatile Files and Directories.
[[0;32m  OK  [0m] Found device /dev/ttyS0.
         Starting Update UTMP about System Boot/Shutdown...
[[0;32m  OK  [0m] Started Update UTMP about System Boot/Shutdown.
[[0;32m  OK  [0m] Found device 82540EM Gigabit Ethern...r (PRO/1000 MT Desktop Adapter).
[[0;32m  OK  [0m] Listening on Load/Save RF Kill Switch Status /dev/rfkill Watch.
[[0;32m  OK  [0m] Started Set console font and keymap.
[[0;32m  OK  [0m] Created slice system-getty.slice.
[[0;32m  OK  [0m] Started LSB: AppArmor initialization.
[   23.911573] cloud-init[485]: Cloud-init v. 18.2 running 'init-local' at Fri, 13 Jul 2018 06:04:48 +0000. Up 23.11 seconds.
[[0;32m  OK  [0m] Started Initial cloud-init job (pre-networking).
[[0;32m  OK  [0m] Reached target Network (Pre).
         Starting Raise network interfaces...
[[0;32m  OK  [0m] Started ifup for enp0s3.
[[0;32m  OK  [0m] Started Raise network interfaces.
[[0;32m  OK  [0m] Reached target Network.
         Starting Initial cloud-init job (metadata service crawler)...
[   25.896868] cloud-init[987]: Cloud-init v. 18.2 running 'init' at Fri, 13 Jul 2018 06:04:50 +0000. Up 24.89 seconds.
[   25.976564] [cloud-init[0;32m  OK  [0m[987]: ] ci-info: +++++++++++++++++++++++++++++++++++++Net device info++++++++++++++++++++++++++++++++++++++Started Initial cloud-init job (metadata service crawler).

[   25.977202] cloud-init[987]: ci-info: +--------+------+----------------------------+---------------+-------+-------------------+
[   26.116713] [cloud-init[0;32m  OK  [0m[987]: ] ci-info: | Device |  Up  |          Address           |      Mask     | Scope |     Hw-Address    |Reached target Cloud-config availability.

[[0;32m  OK  [0m] Reached target System Initialization.
[   26.118932] cloud-init[987]: ci-info: +--------+------+----------------------------+---------------+-------+-------------------+
[   26.189266] [cloud-init[0;32m  OK  [0m[987]: ] ci-info: | enp0s3 | True |         10.0.2.15          | 255.255.255.0 |   .   | 02:2d:a7:2d:c6:76 |Started Daily apt download activities.

[[0;32m  OK  [0m] Started Daily apt upgrade and clean activities.
[   26.190118] cloud-init[987]: ci-info: | enp0s3 | True | fe80::2d:a7ff:fe2d:c676/64 |       .       |  link | 02:2d:a7:2d:c6:76 |
[   26.525305] [cloud-init[0;32m  OK  [0m[987]: ] ci-info: |   lo   | True |         127.0.0.1          |   255.0.0.0   |   .   |         .         |Started ACPI Events Check.

[   26.527211] [cloud-init[0;32m  OK  [0m[987]: ] ci-info: |   lo   | True |          ::1/128           |       .       |  host |         .         |Reached target Paths.

[   26.707080] [cloud-init[0;32m  OK  [0m[987]: ] ci-info: +--------+------+----------------------------+---------------+-------+-------------------+Listening on D-Bus System Message Bus Socket.

[   27.058406]          Starting LXD - unix socket.
cloud-init[987]: ci-info: +++++++++++++++++++++++++++Route IPv4 info++++++++++++++++++++++++++++
[[0;32m  OK  [0m] Started Daily Cleanup of Temporary Directories.
[   27.187771] cloud-init[987]: ci-info: +-------+-------------+----------+---------------+-----------+-------+
[   27.240604] [cloud-init[0;32m  OK  [0m[987]: ] ci-info: | Route | Destination | Gateway  |    Genmask    | Interface | Flags |Reached target Timers.

[   27.241827] [cloud-init[0;32m  OK  [0m[987]: ] ci-info: +-------+-------------+----------+---------------+-----------+-------+Listening on ACPID Listen Socket.

[   27.329411] [cloud-init[0;32m  OK  [0m[987]: ] ci-info: |   0   |   0.0.0.0   | 10.0.2.2 |    0.0.0.0    |   enp0s3  |   UG  |Listening on UUID daemon activation socket.

         Starting Socket activation for snappy daemon.
[   27.359873] cloud-init[987]: ci-info: |   1   |   10.0.2.0  | 0.0.0.0  | 255.255.255.0 |   enp0s3  |   U   |
[   27.385081] [cloud-init[0;32m  OK  [0m[987]: ] ci-info: +-------+-------------+----------+---------------+-----------+-------+Reached target Network is Online.

         Starting iSCSI initiator daemon (iscsid)...
[[0;32m  OK  [0m] Listening on LXD - unix socket.
[[0;32m  OK  [0m] Listening on Socket activation for snappy daemon.
[[0;32m  OK  [0m] Reached target Sockets.
[[0;32m  OK  [0m] Reached target Basic System.
         Starting Virtualbox guest utils...
         Starting Login Service...
[[0;32m  OK  [0m] Started Regular background program processing daemon.
[[0;32m  OK  [0m] Started Deferred execution scheduler.
         Starting LSB: MD monitoring daemon...
         Starting System Logging Service...
         Starting LSB: Record successful boot for GRUB...
         Starting /etc/rc.local Compatibility...
[[0;32m  OK  [0m] Started D-Bus System Message Bus.
[[0;32m  OK  [0m] Started ACPI event daemon.
         Starting Accounts Service...
         Starting Apply the settings specified in cloud-config...
[[0;32m  OK  [0m] Started Unattended Upgrades Shutdown.
         Starting OpenBSD Secure Shell server...
         Starting Snappy daemon...
[[0;32m  OK  [0m] Started FUSE filesystem for LXC.
         Starting LXD - container startup/shutdown...
[[0;32m  OK  [0m] Started System Logging Service.
[[0;32m  OK  [0m] Started iSCSI initiator daemon (iscsid).
[[0;32m  OK  [0m] Started /etc/rc.local Compatibility.
         Starting Login to default iSCSI targets...
[[0;32m  OK  [0m] Started Login Service.
[[0;32m  OK  [0m] Started LSB: Record successful boot for GRUB.
[[0;32m  OK  [0m] Started LSB: MD monitoring daemon.
[[0;32m  OK  [0m] Started Login to default iSCSI targets.
[[0;32m  OK  [0m] Reached target Remote File Systems (Pre).
[[0;32m  OK  [0m] Reached target Remote File Systems.
         Starting Permit User Sessions...
         Starting LSB: automatic crash report generation...
         Starting LSB: daemon to balance interrupts for SMP systems...
         Starting LSB: Set the CPU Frequency Scaling governor to "ondemand"...
[[0;32m  OK  [0m] Started LSB: Set the CPU Frequency Scaling governor to "ondemand".
[[0;32m  OK  [0m] Started Permit User Sessions.
         Starting Terminate Plymouth Boot Screen...
         Starting Hold until boot process finishes up...
[[0;32m  OK  [0m] Started Hold until boot process finishes up.
[[0;32m  OK  [0m] Started LSB: automatic crash report generation.
[[0;32m  OK  [0m] Started Terminate Plymouth Boot Screen.
[   29.120357] cloud-init[1079]: Cloud-init v. 18.2 running 'modules:config' at Fri, 13 Jul 2018 06:04:54 +0000. Up 28.60 seconds.
         Starting Set console scheme...
[[0;32m  OK  [0m] Started Getty on tty1.
[[0;32m  OK  [0m] Started Serial Getty on ttyS0.
[[0;32m  OK  [0m] Reached target Login Prompts.
[[0;32m  OK  [0m] Started OpenBSD Secure Shell server.
[[0;32m  OK  [0m] Started Apply the settings specified in cloud-config.
[[0;32m  OK  [0m] Started LSB: daemon to balance interrupts for SMP systems.
[[0;32m  OK  [0m] Started Set console scheme.
         Starting Authenticate and Authorize Users to Run Privileged Tasks...
[[0;32m  OK  [0m] Started Virtualbox guest utils.
[[0;32m  OK  [0m] Started Authenticate and Authorize Users to Run Privileged Tasks.
[[0;32m  OK  [0m] Started Accounts Service.
[[0;32m  OK  [0m] Started LXD - container startup/shutdown.
[[0;32m  OK  [0m] Started Snappy daemon.
         Starting Wait until snapd is fully seeded...
[[0;32m  OK  [0m] Started Wait until snapd is fully seeded.
[[0;32m  OK  [0m] Reached target Multi-User System.
[[0;32m  OK  [0m] Reached target Graphical Interface.
         Starting Update UTMP about System Runlevel Changes...
         Starting Execute cloud user/final scripts...
[[0;32m  OK  [0m] Started Update UTMP about System Runlevel Changes.
[[0;32m  OK  [0m] Created slice User Slice of vagrant.
[[0;32m  OK  [0m] Started Session 1 of user vagrant.
         Starting User Manager for UID 1000...
[[0;32m  OK  [0m] Started User Manager for UID 1000.
[   32.192251] cloud-init[1224]: Cloud-init v. 18.2 running 'modules:final' at Fri, 13 Jul 2018 06:04:57 +0000. Up 31.93 seconds.
[   32.255432] cloud-init[1224]: Cloud-init v. 18.2 finished at Fri, 13 Jul 2018 06:04:57 +0000. Datasource DataSourceNoCloud [seed=/dev/sdb][dsmode=net].  Up 32.18 seconds
[[0;32m  OK  [0m] Started Execute cloud user/final scripts.
[[0;32m  OK  [0m] Reached target Cloud-init target.

Ubuntu 16.04.4 LTS ubuntu-xenial ttyS0

ubuntu-xenial login: 